# JRE version: OpenJDK Runtime Environment (8.0_152) (build 1.8.0_152-release-1343-b16-5323222)
# Java VM: OpenJDK 64-Bit Server VM (25.152-b16-5323222 mixed mode linux-amd64 compressed oops)
Heap:
 PSYoungGen      total 404480K, used 3465K [0x00000000e0000000, 0x00000000fa300000, 0x0000000100000000)
  eden space 379904K, 0% used [0x00000000e0000000,0x00000000e0000000,0x00000000f7300000)
  from space 24576K, 14% used [0x00000000f7300000,0x00000000f7662798,0x00000000f8b00000)
  to   space 22528K, 0% used [0x00000000f8d00000,0x00000000f8d00000,0x00000000fa300000)
 ParOldGen       total 125952K, used 58902K [0x00000000a0000000, 0x00000000a7b00000, 0x00000000e0000000)
  object space 125952K, 46% used [0x00000000a0000000,0x00000000a3985b70,0x00000000a7b00000)
 Metaspace       used 96151K, capacity 100658K, committed 101528K, reserved 1138688K
  class space    used 11960K, capacity 12757K, committed 12976K, reserved 1048576K
GC Heap History (10 events):
Event: 21287,823 GC heap after
Heap after GC invocations=34 (full 4):
 PSYoungGen      total 311296K, used 8952K [0x00000000e0000000, 0x00000000f5280000, 0x0000000100000000)
  eden space 283648K, 0% used [0x00000000e0000000,0x00000000e0000000,0x00000000f1500000)
  from space 27648K, 32% used [0x00000000f2f80000,0x00000000f383e3b0,0x00000000f4a80000)
  to   space 27136K, 0% used [0x00000000f1500000,0x00000000f1500000,0x00000000f2f80000)
 ParOldGen       total 125952K, used 56489K [0x00000000a0000000, 0x00000000a7b00000, 0x00000000e0000000)
  object space 125952K, 44% used [0x00000000a0000000,0x00000000a372a6a0,0x00000000a7b00000)
 Metaspace       used 95955K, capacity 100504K, committed 101528K, reserved 1138688K
  class space    used 11952K, capacity 12754K, committed 12976K, reserved 1048576K
}
Event: 21291,854 GC heap before
{Heap before GC invocations=35 (full 4):
 PSYoungGen      total 311296K, used 292600K [0x00000000e0000000, 0x00000000f5280000, 0x0000000100000000)
  eden space 283648K, 100% used [0x00000000e0000000,0x00000000f1500000,0x00000000f1500000)
  from space 27648K, 32% used [0x00000000f2f80000,0x00000000f383e3b0,0x00000000f4a80000)
  to   space 27136K, 0% used [0x00000000f1500000,0x00000000f1500000,0x00000000f2f80000)
 ParOldGen       total 125952K, used 56489K [0x00000000a0000000, 0x00000000a7b00000, 0x00000000e0000000)
  object space 125952K, 44% used [0x00000000a0000000,0x00000000a372a6a0,0x00000000a7b00000)
 Metaspace       used 95992K, capacity 100510K, committed 101528K, reserved 1138688K
  class space    used 11954K, capacity 12755K, committed 12976K, reserved 1048576K
Event: 21292,165 GC heap after
Heap after GC invocations=35 (full 4):
 PSYoungGen      total 310784K, used 9753K [0x00000000e0000000, 0x00000000f7b80000, 0x0000000100000000)
  eden space 283648K, 0% used [0x00000000e0000000,0x00000000e0000000,0x00000000f1500000)
  from space 27136K, 35% used [0x00000000f1500000,0x00000000f1e86558,0x00000000f2f80000)
  to   space 26112K, 0% used [0x00000000f6200000,0x00000000f6200000,0x00000000f7b80000)
 ParOldGen       total 125952K, used 56489K [0x00000000a0000000, 0x00000000a7b00000, 0x00000000e0000000)
  object space 125952K, 44% used [0x00000000a0000000,0x00000000a372a6a0,0x00000000a7b00000)
 Metaspace       used 95992K, capacity 100510K, committed 101528K, reserved 1138688K
  class space    used 11954K, capacity 12755K, committed 12976K, reserved 1048576K
}
Event: 21296,886 GC heap before
{Heap before GC invocations=36 (full 4):
 PSYoungGen      total 310784K, used 293401K [0x00000000e0000000, 0x00000000f7b80000, 0x0000000100000000)
  eden space 283648K, 100% used [0x00000000e0000000,0x00000000f1500000,0x00000000f1500000)
  from space 27136K, 35% used [0x00000000f1500000,0x00000000f1e86558,0x00000000f2f80000)
  to   space 26112K, 0% used [0x00000000f6200000,0x00000000f6200000,0x00000000f7b80000)
 ParOldGen       total 125952K, used 56489K [0x00000000a0000000, 0x00000000a7b00000, 0x00000000e0000000)
  object space 125952K, 44% used [0x00000000a0000000,0x00000000a372a6a0,0x00000000a7b00000)
 Metaspace       used 96039K, capacity 100586K, committed 101528K, reserved 1138688K
  class space    used 11955K, capacity 12757K, committed 12976K, reserved 1048576K
Event: 21297,010 GC heap after
Heap after GC invocations=36 (full 4):
 PSYoungGen      total 357376K, used 8897K [0x00000000e0000000, 0x00000000f7800000, 0x0000000100000000)
  eden space 334848K, 0% used [0x00000000e0000000,0x00000000e0000000,0x00000000f4700000)
  from space 22528K, 39% used [0x00000000f6200000,0x00000000f6ab0470,0x00000000f7800000)
  to   space 25088K, 0% used [0x00000000f4700000,0x00000000f4700000,0x00000000f5f80000)
 ParOldGen       total 125952K, used 56489K [0x00000000a0000000, 0x00000000a7b00000, 0x00000000e0000000)
  object space 125952K, 44% used [0x00000000a0000000,0x00000000a372a6a0,0x00000000a7b00000)
 Metaspace       used 96039K, capacity 100586K, committed 101528K, reserved 1138688K
  class space    used 11955K, capacity 12757K, committed 12976K, reserved 1048576K
}
Event: 21302,179 GC heap before
{Heap before GC invocations=37 (full 4):
 PSYoungGen      total 357376K, used 343745K [0x00000000e0000000, 0x00000000f7800000, 0x0000000100000000)
  eden space 334848K, 100% used [0x00000000e0000000,0x00000000f4700000,0x00000000f4700000)
  from space 22528K, 39% used [0x00000000f6200000,0x00000000f6ab0470,0x00000000f7800000)
  to   space 25088K, 0% used [0x00000000f4700000,0x00000000f4700000,0x00000000f5f80000)
 ParOldGen       total 125952K, used 56489K [0x00000000a0000000, 0x00000000a7b00000, 0x00000000e0000000)
  object space 125952K, 44% used [0x00000000a0000000,0x00000000a372a6a0,0x00000000a7b00000)
 Metaspace       used 96056K, capacity 100586K, committed 101528K, reserved 1138688K
  class space    used 11955K, capacity 12757K, committed 12976K, reserved 1048576K
Event: 21302,317 GC heap after
Heap after GC invocations=37 (full 4):
 PSYoungGen      total 359936K, used 5607K [0x00000000e0000000, 0x00000000fa580000, 0x0000000100000000)
  eden space 334848K, 0% used [0x00000000e0000000,0x00000000e0000000,0x00000000f4700000)
  from space 25088K, 22% used [0x00000000f4700000,0x00000000f4c79fd0,0x00000000f5f80000)
  to   space 25088K, 0% used [0x00000000f8d00000,0x00000000f8d00000,0x00000000fa580000)
 ParOldGen       total 125952K, used 56489K [0x00000000a0000000, 0x00000000a7b00000, 0x00000000e0000000)
  object space 125952K, 44% used [0x00000000a0000000,0x00000000a372a6a0,0x00000000a7b00000)
 Metaspace       used 96056K, capacity 100586K, committed 101528K, reserved 1138688K
  class space    used 11955K, capacity 12757K, committed 12976K, reserved 1048576K
}
Event: 21306,946 GC heap before
{Heap before GC invocations=38 (full 4):
 PSYoungGen      total 359936K, used 340455K [0x00000000e0000000, 0x00000000fa580000, 0x0000000100000000)
  eden space 334848K, 100% used [0x00000000e0000000,0x00000000f4700000,0x00000000f4700000)
  from space 25088K, 22% used [0x00000000f4700000,0x00000000f4c79fd0,0x00000000f5f80000)
  to   space 25088K, 0% used [0x00000000f8d00000,0x00000000f8d00000,0x00000000fa580000)
 ParOldGen       total 125952K, used 56489K [0x00000000a0000000, 0x00000000a7b00000, 0x00000000e0000000)
  object space 125952K, 44% used [0x00000000a0000000,0x00000000a372a6a0,0x00000000a7b00000)
 Metaspace       used 96074K, capacity 100586K, committed 101528K, reserved 1138688K
  class space    used 11955K, capacity 12757K, committed 12976K, reserved 1048576K
Event: 21307,073 GC heap after
Heap after GC invocations=38 (full 4):
 PSYoungGen      total 402432K, used 5415K [0x00000000e0000000, 0x00000000fa300000, 0x0000000100000000)
  eden space 379904K, 0% used [0x00000000e0000000,0x00000000e0000000,0x00000000f7300000)
  from space 22528K, 24% used [0x00000000f8d00000,0x00000000f9249c00,0x00000000fa300000)
  to   space 24576K, 0% used [0x00000000f7300000,0x00000000f7300000,0x00000000f8b00000)
 ParOldGen       total 125952K, used 58862K [0x00000000a0000000, 0x00000000a7b00000, 0x00000000e0000000)
  object space 125952K, 46% used [0x00000000a0000000,0x00000000a397bb70,0x00000000a7b00000)
 Metaspace       used 96074K, capacity 100586K, committed 101528K, reserved 1138688K
  class space    used 11955K, capacity 12757K, committed 12976K, reserved 1048576K
}
Event: 21317,080 GC heap before
{Heap before GC invocations=39 (full 4):
 PSYoungGen      total 402432K, used 385319K [0x00000000e0000000, 0x00000000fa300000, 0x0000000100000000)
  eden space 379904K, 100% used [0x00000000e0000000,0x00000000f7300000,0x00000000f7300000)
  from space 22528K, 24% used [0x00000000f8d00000,0x00000000f9249c00,0x00000000fa300000)
  to   space 24576K, 0% used [0x00000000f7300000,0x00000000f7300000,0x00000000f8b00000)
 ParOldGen       total 125952K, used 58862K [0x00000000a0000000, 0x00000000a7b00000, 0x00000000e0000000)
  object space 125952K, 46% used [0x00000000a0000000,0x00000000a397bb70,0x00000000a7b00000)
 Metaspace       used 96151K, capacity 100658K, committed 101528K, reserved 1138688K
  class space    used 11960K, capacity 12757K, committed 12976K, reserved 1048576K

